{"/Users/nals_macbook_328/Desktop/test/front-end-unitest/src/counter.ts": {"path":"/Users/nals_macbook_328/Desktop/test/front-end-unitest/src/counter.ts","all":true,"statementMap":{"0":{"start":{"line":1,"column":0},"end":{"line":1,"column":58}},"1":{"start":{"line":2,"column":0},"end":{"line":2,"column":17}},"2":{"start":{"line":3,"column":0},"end":{"line":3,"column":41}},"3":{"start":{"line":4,"column":0},"end":{"line":4,"column":19}},"4":{"start":{"line":5,"column":0},"end":{"line":5,"column":45}},"5":{"start":{"line":6,"column":0},"end":{"line":6,"column":3}},"6":{"start":{"line":7,"column":0},"end":{"line":7,"column":66}},"7":{"start":{"line":8,"column":0},"end":{"line":8,"column":15}},"8":{"start":{"line":9,"column":0},"end":{"line":9,"column":1}}},"s":{"0":0,"1":0,"2":0,"3":0,"4":0,"5":0,"6":0,"7":0,"8":0},"branchMap":{"0":{"type":"branch","line":1,"loc":{"start":{"line":1,"column":273},"end":{"line":9,"column":1}},"locations":[{"start":{"line":1,"column":273},"end":{"line":9,"column":1}}]}},"b":{"0":[0]},"fnMap":{"0":{"name":"(empty-report)","decl":{"start":{"line":1,"column":273},"end":{"line":9,"column":1}},"loc":{"start":{"line":1,"column":273},"end":{"line":9,"column":1}},"line":1}},"f":{"0":0}}
,"/Users/nals_macbook_328/Desktop/test/front-end-unitest/src/main.ts": {"path":"/Users/nals_macbook_328/Desktop/test/front-end-unitest/src/main.ts","all":true,"statementMap":{"0":{"start":{"line":1,"column":0},"end":{"line":1,"column":20}},"1":{"start":{"line":2,"column":0},"end":{"line":2,"column":45}},"2":{"start":{"line":3,"column":0},"end":{"line":3,"column":32}},"3":{"start":{"line":4,"column":0},"end":{"line":4,"column":43}},"5":{"start":{"line":6,"column":0},"end":{"line":6,"column":61}},"8":{"start":{"line":9,"column":0},"end":{"line":9,"column":60}},"11":{"start":{"line":12,"column":0},"end":{"line":12,"column":80}},"23":{"start":{"line":24,"column":0},"end":{"line":24,"column":68}}},"s":{"0":0,"1":0,"2":0,"3":0,"5":0,"8":0,"11":0,"23":0},"branchMap":{"0":{"type":"branch","line":1,"loc":{"start":{"line":1,"column":0},"end":{"line":24,"column":-236}},"locations":[{"start":{"line":1,"column":0},"end":{"line":24,"column":-236}}]}},"b":{"0":[0]},"fnMap":{"0":{"name":"(empty-report)","decl":{"start":{"line":1,"column":0},"end":{"line":24,"column":-236}},"loc":{"start":{"line":1,"column":0},"end":{"line":24,"column":-236}},"line":1}},"f":{"0":0}}
,"/Users/nals_macbook_328/Desktop/test/front-end-unitest/src/models/coupon.model.ts": {"path":"/Users/nals_macbook_328/Desktop/test/front-end-unitest/src/models/coupon.model.ts","all":true,"statementMap":{},"s":{},"branchMap":{"0":{"type":"branch","line":1,"loc":{"start":{"line":1,"column":78},"end":{"line":5,"column":1}},"locations":[{"start":{"line":1,"column":78},"end":{"line":5,"column":1}}]}},"b":{"0":[1]},"fnMap":{"0":{"name":"(empty-report)","decl":{"start":{"line":1,"column":78},"end":{"line":5,"column":1}},"loc":{"start":{"line":1,"column":78},"end":{"line":5,"column":1}},"line":1}},"f":{"0":1}}
,"/Users/nals_macbook_328/Desktop/test/front-end-unitest/src/models/order.model.ts": {"path":"/Users/nals_macbook_328/Desktop/test/front-end-unitest/src/models/order.model.ts","all":true,"statementMap":{},"s":{},"branchMap":{"0":{"type":"branch","line":1,"loc":{"start":{"line":1,"column":291},"end":{"line":16,"column":1}},"locations":[{"start":{"line":1,"column":291},"end":{"line":16,"column":1}}]}},"b":{"0":[1]},"fnMap":{"0":{"name":"(empty-report)","decl":{"start":{"line":1,"column":291},"end":{"line":16,"column":1}},"loc":{"start":{"line":1,"column":291},"end":{"line":16,"column":1}},"line":1}},"f":{"0":1}}
,"/Users/nals_macbook_328/Desktop/test/front-end-unitest/src/models/payment.model.ts": {"path":"/Users/nals_macbook_328/Desktop/test/front-end-unitest/src/models/payment.model.ts","all":false,"statementMap":{"0":{"start":{"line":1,"column":0},"end":{"line":1,"column":27}},"1":{"start":{"line":2,"column":0},"end":{"line":2,"column":20}},"2":{"start":{"line":3,"column":0},"end":{"line":3,"column":20}},"3":{"start":{"line":4,"column":0},"end":{"line":4,"column":18}}},"s":{"0":1,"1":1,"2":1,"3":1},"branchMap":{"0":{"type":"branch","line":1,"loc":{"start":{"line":1,"column":7},"end":{"line":1,"column":27}},"locations":[{"start":{"line":1,"column":7},"end":{"line":1,"column":27}}]}},"b":{"0":[2]},"fnMap":{},"f":{}}
,"/Users/nals_macbook_328/Desktop/test/front-end-unitest/src/services/coupon.service.ts": {"path":"/Users/nals_macbook_328/Desktop/test/front-end-unitest/src/services/coupon.service.ts","all":false,"statementMap":{"8":{"start":{"line":9,"column":0},"end":{"line":9,"column":54}},"9":{"start":{"line":10,"column":0},"end":{"line":10,"column":28}},"11":{"start":{"line":12,"column":0},"end":{"line":12,"column":91}},"12":{"start":{"line":13,"column":0},"end":{"line":13,"column":33}},"13":{"start":{"line":14,"column":0},"end":{"line":14,"column":3}},"15":{"start":{"line":16,"column":0},"end":{"line":16,"column":65}},"16":{"start":{"line":17,"column":0},"end":{"line":17,"column":9}},"17":{"start":{"line":18,"column":0},"end":{"line":18,"column":35}},"18":{"start":{"line":19,"column":0},"end":{"line":19,"column":40}},"19":{"start":{"line":20,"column":0},"end":{"line":20,"column":8}},"20":{"start":{"line":21,"column":0},"end":{"line":21,"column":43}},"22":{"start":{"line":23,"column":0},"end":{"line":23,"column":20}},"23":{"start":{"line":24,"column":0},"end":{"line":24,"column":21}},"24":{"start":{"line":25,"column":0},"end":{"line":25,"column":53}},"25":{"start":{"line":26,"column":0},"end":{"line":26,"column":40}},"26":{"start":{"line":27,"column":0},"end":{"line":27,"column":5}},"27":{"start":{"line":28,"column":0},"end":{"line":28,"column":3}},"29":{"start":{"line":30,"column":0},"end":{"line":30,"column":58}},"30":{"start":{"line":31,"column":0},"end":{"line":31,"column":48}},"31":{"start":{"line":32,"column":0},"end":{"line":32,"column":3}},"32":{"start":{"line":33,"column":0},"end":{"line":33,"column":1}}},"s":{"8":1,"9":10,"11":10,"12":10,"13":10,"15":10,"16":12,"17":12,"18":12,"19":12,"20":12,"22":11,"23":12,"24":1,"25":1,"26":1,"27":12,"29":10,"30":7,"31":7,"32":10},"branchMap":{"0":{"type":"branch","line":9,"loc":{"start":{"line":9,"column":7},"end":{"line":33,"column":1}},"locations":[{"start":{"line":9,"column":7},"end":{"line":33,"column":1}}]},"1":{"type":"branch","line":12,"loc":{"start":{"line":12,"column":2},"end":{"line":14,"column":3}},"locations":[{"start":{"line":12,"column":2},"end":{"line":14,"column":3}}]},"2":{"type":"branch","line":16,"loc":{"start":{"line":16,"column":2},"end":{"line":28,"column":3}},"locations":[{"start":{"line":16,"column":2},"end":{"line":28,"column":3}}]},"3":{"type":"branch","line":21,"loc":{"start":{"line":21,"column":41},"end":{"line":24,"column":13}},"locations":[{"start":{"line":21,"column":41},"end":{"line":24,"column":13}}]},"4":{"type":"branch","line":24,"loc":{"start":{"line":24,"column":4},"end":{"line":27,"column":5}},"locations":[{"start":{"line":24,"column":4},"end":{"line":27,"column":5}}]},"5":{"type":"branch","line":30,"loc":{"start":{"line":30,"column":2},"end":{"line":32,"column":3}},"locations":[{"start":{"line":30,"column":2},"end":{"line":32,"column":3}}]}},"b":{"0":[10],"1":[10],"2":[12],"3":[11],"4":[1],"5":[7]},"fnMap":{"0":{"name":"<instance_members_initializer>","decl":{"start":{"line":9,"column":7},"end":{"line":33,"column":1}},"loc":{"start":{"line":9,"column":7},"end":{"line":33,"column":1}},"line":9},"1":{"name":"CouponService","decl":{"start":{"line":12,"column":2},"end":{"line":14,"column":3}},"loc":{"start":{"line":12,"column":2},"end":{"line":14,"column":3}},"line":12},"2":{"name":"getCoupon","decl":{"start":{"line":16,"column":2},"end":{"line":28,"column":3}},"loc":{"start":{"line":16,"column":2},"end":{"line":28,"column":3}},"line":16},"3":{"name":"applyCoupon","decl":{"start":{"line":30,"column":2},"end":{"line":32,"column":3}},"loc":{"start":{"line":30,"column":2},"end":{"line":32,"column":3}},"line":30}},"f":{"0":10,"1":10,"2":12,"3":7}}
,"/Users/nals_macbook_328/Desktop/test/front-end-unitest/src/services/order.service.ts": {"path":"/Users/nals_macbook_328/Desktop/test/front-end-unitest/src/services/order.service.ts","all":false,"statementMap":{"8":{"start":{"line":9,"column":0},"end":{"line":9,"column":52}},"9":{"start":{"line":10,"column":0},"end":{"line":10,"column":28}},"11":{"start":{"line":12,"column":0},"end":{"line":12,"column":14}},"12":{"start":{"line":13,"column":0},"end":{"line":13,"column":77}},"13":{"start":{"line":14,"column":0},"end":{"line":14,"column":52}},"14":{"start":{"line":15,"column":0},"end":{"line":15,"column":49}},"15":{"start":{"line":16,"column":0},"end":{"line":16,"column":5}},"16":{"start":{"line":17,"column":0},"end":{"line":17,"column":33}},"17":{"start":{"line":18,"column":0},"end":{"line":18,"column":3}},"19":{"start":{"line":20,"column":0},"end":{"line":20,"column":56}},"20":{"start":{"line":21,"column":0},"end":{"line":21,"column":30}},"22":{"start":{"line":23,"column":0},"end":{"line":23,"column":60}},"24":{"start":{"line":25,"column":0},"end":{"line":25,"column":25}},"25":{"start":{"line":26,"column":0},"end":{"line":26,"column":72}},"26":{"start":{"line":27,"column":0},"end":{"line":27,"column":5}},"28":{"start":{"line":29,"column":0},"end":{"line":29,"column":77}},"30":{"start":{"line":31,"column":0},"end":{"line":31,"column":26}},"31":{"start":{"line":32,"column":0},"end":{"line":32,"column":15}},"32":{"start":{"line":33,"column":0},"end":{"line":33,"column":17}},"33":{"start":{"line":34,"column":0},"end":{"line":34,"column":20}},"34":{"start":{"line":35,"column":0},"end":{"line":35,"column":6}},"36":{"start":{"line":37,"column":0},"end":{"line":37,"column":62}},"38":{"start":{"line":39,"column":0},"end":{"line":39,"column":55}},"40":{"start":{"line":41,"column":0},"end":{"line":41,"column":24}},"41":{"start":{"line":42,"column":0},"end":{"line":42,"column":3}},"43":{"start":{"line":44,"column":0},"end":{"line":44,"column":54}},"44":{"start":{"line":45,"column":0},"end":{"line":45,"column":31}},"45":{"start":{"line":46,"column":0},"end":{"line":46,"column":50}},"46":{"start":{"line":47,"column":0},"end":{"line":47,"column":5}},"48":{"start":{"line":49,"column":0},"end":{"line":49,"column":76}},"49":{"start":{"line":50,"column":0},"end":{"line":50,"column":49}},"50":{"start":{"line":51,"column":0},"end":{"line":51,"column":5}},"52":{"start":{"line":53,"column":0},"end":{"line":53,"column":61}},"54":{"start":{"line":55,"column":0},"end":{"line":55,"column":26}},"55":{"start":{"line":56,"column":0},"end":{"line":56,"column":60}},"56":{"start":{"line":57,"column":0},"end":{"line":57,"column":5}},"57":{"start":{"line":58,"column":0},"end":{"line":58,"column":3}},"59":{"start":{"line":60,"column":0},"end":{"line":60,"column":59}},"60":{"start":{"line":61,"column":0},"end":{"line":61,"column":76}},"61":{"start":{"line":62,"column":0},"end":{"line":62,"column":3}},"63":{"start":{"line":64,"column":0},"end":{"line":64,"column":30}},"64":{"start":{"line":65,"column":0},"end":{"line":65,"column":23}},"65":{"start":{"line":66,"column":0},"end":{"line":66,"column":20}},"66":{"start":{"line":67,"column":0},"end":{"line":67,"column":22}},"67":{"start":{"line":68,"column":0},"end":{"line":68,"column":64}},"69":{"start":{"line":70,"column":0},"end":{"line":70,"column":18}},"70":{"start":{"line":71,"column":0},"end":{"line":71,"column":40}},"71":{"start":{"line":72,"column":0},"end":{"line":72,"column":5}},"73":{"start":{"line":74,"column":0},"end":{"line":74,"column":62}},"74":{"start":{"line":75,"column":0},"end":{"line":75,"column":3}},"76":{"start":{"line":77,"column":0},"end":{"line":77,"column":64}},"77":{"start":{"line":78,"column":0},"end":{"line":78,"column":38}},"78":{"start":{"line":79,"column":0},"end":{"line":79,"column":22}},"79":{"start":{"line":80,"column":0},"end":{"line":80,"column":7}},"80":{"start":{"line":81,"column":0},"end":{"line":81,"column":23}},"81":{"start":{"line":82,"column":0},"end":{"line":82,"column":43}},"82":{"start":{"line":83,"column":0},"end":{"line":83,"column":56}},"83":{"start":{"line":84,"column":0},"end":{"line":84,"column":7}},"84":{"start":{"line":85,"column":0},"end":{"line":85,"column":6}},"86":{"start":{"line":87,"column":0},"end":{"line":87,"column":28}},"87":{"start":{"line":88,"column":0},"end":{"line":88,"column":48}},"88":{"start":{"line":89,"column":0},"end":{"line":89,"column":5}},"90":{"start":{"line":91,"column":0},"end":{"line":91,"column":38}},"91":{"start":{"line":92,"column":0},"end":{"line":92,"column":3}},"92":{"start":{"line":93,"column":0},"end":{"line":93,"column":1}}},"s":{"8":1,"9":9,"11":9,"12":9,"13":9,"14":9,"15":9,"16":9,"17":9,"19":9,"20":14,"22":14,"24":14,"25":2,"26":1,"28":9,"30":9,"31":9,"32":9,"33":9,"34":9,"36":9,"38":8,"40":8,"41":14,"43":9,"44":14,"45":1,"46":1,"48":14,"49":3,"50":3,"52":10,"54":14,"55":0,"56":0,"57":14,"59":9,"60":20,"61":20,"63":9,"64":2,"65":2,"66":2,"67":2,"69":2,"70":1,"71":1,"73":1,"74":2,"76":9,"77":9,"78":9,"79":9,"80":9,"81":9,"82":9,"83":9,"84":9,"86":9,"87":1,"88":1,"90":8,"91":9,"92":9},"branchMap":{"0":{"type":"branch","line":9,"loc":{"start":{"line":9,"column":7},"end":{"line":93,"column":1}},"locations":[{"start":{"line":9,"column":7},"end":{"line":93,"column":1}}]},"1":{"type":"branch","line":12,"loc":{"start":{"line":12,"column":2},"end":{"line":18,"column":3}},"locations":[{"start":{"line":12,"column":2},"end":{"line":18,"column":3}}]},"2":{"type":"branch","line":20,"loc":{"start":{"line":20,"column":2},"end":{"line":42,"column":3}},"locations":[{"start":{"line":20,"column":2},"end":{"line":42,"column":3}}]},"3":{"type":"branch","line":25,"loc":{"start":{"line":25,"column":24},"end":{"line":27,"column":5}},"locations":[{"start":{"line":25,"column":24},"end":{"line":27,"column":5}}]},"4":{"type":"branch","line":26,"loc":{"start":{"line":26,"column":70},"end":{"line":27,"column":5}},"locations":[{"start":{"line":26,"column":70},"end":{"line":27,"column":5}}]},"5":{"type":"branch","line":27,"loc":{"start":{"line":27,"column":4},"end":{"line":37,"column":62}},"locations":[{"start":{"line":27,"column":4},"end":{"line":37,"column":62}}]},"6":{"type":"branch","line":37,"loc":{"start":{"line":37,"column":60},"end":{"line":41,"column":24}},"locations":[{"start":{"line":37,"column":60},"end":{"line":41,"column":24}}]},"7":{"type":"branch","line":44,"loc":{"start":{"line":44,"column":10},"end":{"line":58,"column":3}},"locations":[{"start":{"line":44,"column":10},"end":{"line":58,"column":3}}]},"8":{"type":"branch","line":45,"loc":{"start":{"line":45,"column":30},"end":{"line":47,"column":5}},"locations":[{"start":{"line":45,"column":30},"end":{"line":47,"column":5}}]},"9":{"type":"branch","line":47,"loc":{"start":{"line":47,"column":4},"end":{"line":49,"column":75}},"locations":[{"start":{"line":47,"column":4},"end":{"line":49,"column":75}}]},"10":{"type":"branch","line":49,"loc":{"start":{"line":49,"column":75},"end":{"line":51,"column":5}},"locations":[{"start":{"line":49,"column":75},"end":{"line":51,"column":5}}]},"11":{"type":"branch","line":51,"loc":{"start":{"line":51,"column":4},"end":{"line":55,"column":25}},"locations":[{"start":{"line":51,"column":4},"end":{"line":55,"column":25}}]},"12":{"type":"branch","line":55,"loc":{"start":{"line":55,"column":25},"end":{"line":57,"column":5}},"locations":[{"start":{"line":55,"column":25},"end":{"line":57,"column":5}}]},"13":{"type":"branch","line":49,"loc":{"start":{"line":49,"column":25},"end":{"line":49,"column":72}},"locations":[{"start":{"line":49,"column":25},"end":{"line":49,"column":72}}]},"14":{"type":"branch","line":49,"loc":{"start":{"line":49,"column":49},"end":{"line":49,"column":72}},"locations":[{"start":{"line":49,"column":49},"end":{"line":49,"column":72}}]},"15":{"type":"branch","line":60,"loc":{"start":{"line":60,"column":10},"end":{"line":62,"column":3}},"locations":[{"start":{"line":60,"column":10},"end":{"line":62,"column":3}}]},"16":{"type":"branch","line":61,"loc":{"start":{"line":61,"column":24},"end":{"line":61,"column":73}},"locations":[{"start":{"line":61,"column":24},"end":{"line":61,"column":73}}]},"17":{"type":"branch","line":64,"loc":{"start":{"line":64,"column":2},"end":{"line":75,"column":3}},"locations":[{"start":{"line":64,"column":2},"end":{"line":75,"column":3}}]},"18":{"type":"branch","line":70,"loc":{"start":{"line":70,"column":17},"end":{"line":74,"column":62}},"locations":[{"start":{"line":70,"column":17},"end":{"line":74,"column":62}}]},"19":{"type":"branch","line":77,"loc":{"start":{"line":77,"column":2},"end":{"line":92,"column":3}},"locations":[{"start":{"line":77,"column":2},"end":{"line":92,"column":3}}]},"20":{"type":"branch","line":87,"loc":{"start":{"line":87,"column":27},"end":{"line":89,"column":5}},"locations":[{"start":{"line":87,"column":27},"end":{"line":89,"column":5}}]},"21":{"type":"branch","line":89,"loc":{"start":{"line":89,"column":4},"end":{"line":91,"column":38}},"locations":[{"start":{"line":89,"column":4},"end":{"line":91,"column":38}}]}},"b":{"0":[9],"1":[9],"2":[14],"3":[2],"4":[1],"5":[9],"6":[8],"7":[14],"8":[1],"9":[13],"10":[3],"11":[10],"12":[0],"13":[22],"14":[20],"15":[20],"16":[38],"17":[2],"18":[1],"19":[9],"20":[1],"21":[8]},"fnMap":{"0":{"name":"<instance_members_initializer>","decl":{"start":{"line":9,"column":7},"end":{"line":93,"column":1}},"loc":{"start":{"line":9,"column":7},"end":{"line":93,"column":1}},"line":9},"1":{"name":"OrderService","decl":{"start":{"line":12,"column":2},"end":{"line":18,"column":3}},"loc":{"start":{"line":12,"column":2},"end":{"line":18,"column":3}},"line":12},"2":{"name":"process","decl":{"start":{"line":20,"column":2},"end":{"line":42,"column":3}},"loc":{"start":{"line":20,"column":2},"end":{"line":42,"column":3}},"line":20},"3":{"name":"validateOrder","decl":{"start":{"line":44,"column":10},"end":{"line":58,"column":3}},"loc":{"start":{"line":44,"column":10},"end":{"line":58,"column":3}},"line":44},"4":{"name":"calculateTotalPrice","decl":{"start":{"line":60,"column":10},"end":{"line":62,"column":3}},"loc":{"start":{"line":60,"column":10},"end":{"line":62,"column":3}},"line":60},"5":{"name":"applyDiscount","decl":{"start":{"line":64,"column":2},"end":{"line":75,"column":3}},"loc":{"start":{"line":64,"column":2},"end":{"line":75,"column":3}},"line":64},"6":{"name":"createOrder","decl":{"start":{"line":77,"column":2},"end":{"line":92,"column":3}},"loc":{"start":{"line":77,"column":2},"end":{"line":92,"column":3}},"line":77}},"f":{"0":9,"1":9,"2":14,"3":14,"4":20,"5":2,"6":9}}
,"/Users/nals_macbook_328/Desktop/test/front-end-unitest/src/services/payment.service.ts": {"path":"/Users/nals_macbook_328/Desktop/test/front-end-unitest/src/services/payment.service.ts","all":false,"statementMap":{"0":{"start":{"line":1,"column":0},"end":{"line":1,"column":56}},"8":{"start":{"line":9,"column":0},"end":{"line":9,"column":56}},"9":{"start":{"line":10,"column":0},"end":{"line":10,"column":38}},"10":{"start":{"line":11,"column":0},"end":{"line":11,"column":25}},"11":{"start":{"line":12,"column":0},"end":{"line":12,"column":25}},"12":{"start":{"line":13,"column":0},"end":{"line":13,"column":24}},"13":{"start":{"line":14,"column":0},"end":{"line":14,"column":4}},"15":{"start":{"line":16,"column":0},"end":{"line":16,"column":46}},"16":{"start":{"line":17,"column":0},"end":{"line":17,"column":45}},"18":{"start":{"line":19,"column":0},"end":{"line":19,"column":14}},"19":{"start":{"line":20,"column":0},"end":{"line":20,"column":75}},"20":{"start":{"line":21,"column":0},"end":{"line":21,"column":6}},"22":{"start":{"line":23,"column":0},"end":{"line":23,"column":50}},"23":{"start":{"line":24,"column":0},"end":{"line":24,"column":69}},"24":{"start":{"line":25,"column":0},"end":{"line":25,"column":23}},"25":{"start":{"line":26,"column":0},"end":{"line":26,"column":34}},"26":{"start":{"line":27,"column":0},"end":{"line":27,"column":54}},"27":{"start":{"line":28,"column":0},"end":{"line":28,"column":33}},"28":{"start":{"line":29,"column":0},"end":{"line":29,"column":53}},"29":{"start":{"line":30,"column":0},"end":{"line":30,"column":16}},"30":{"start":{"line":31,"column":0},"end":{"line":31,"column":22}},"31":{"start":{"line":32,"column":0},"end":{"line":32,"column":7}},"32":{"start":{"line":33,"column":0},"end":{"line":33,"column":7}},"34":{"start":{"line":35,"column":0},"end":{"line":35,"column":37}},"35":{"start":{"line":36,"column":0},"end":{"line":36,"column":3}},"37":{"start":{"line":38,"column":0},"end":{"line":38,"column":49}},"38":{"start":{"line":39,"column":0},"end":{"line":39,"column":40}},"39":{"start":{"line":40,"column":0},"end":{"line":40,"column":70}},"40":{"start":{"line":41,"column":0},"end":{"line":41,"column":5}},"41":{"start":{"line":42,"column":0},"end":{"line":42,"column":3}},"42":{"start":{"line":43,"column":0},"end":{"line":43,"column":1}}},"s":{"0":1,"8":1,"9":15,"10":15,"11":15,"12":15,"13":15,"15":15,"16":15,"18":15,"19":15,"20":15,"22":15,"23":9,"24":27,"25":27,"26":9,"27":27,"28":9,"29":27,"30":9,"31":27,"32":9,"34":9,"35":9,"37":15,"38":4,"39":3,"40":3,"41":4,"42":15},"branchMap":{"0":{"type":"branch","line":9,"loc":{"start":{"line":9,"column":7},"end":{"line":43,"column":1}},"locations":[{"start":{"line":9,"column":7},"end":{"line":43,"column":1}}]},"1":{"type":"branch","line":19,"loc":{"start":{"line":19,"column":2},"end":{"line":21,"column":6}},"locations":[{"start":{"line":19,"column":2},"end":{"line":21,"column":6}}]},"2":{"type":"branch","line":23,"loc":{"start":{"line":23,"column":2},"end":{"line":36,"column":3}},"locations":[{"start":{"line":23,"column":2},"end":{"line":36,"column":3}}]},"3":{"type":"branch","line":24,"loc":{"start":{"line":24,"column":56},"end":{"line":33,"column":5}},"locations":[{"start":{"line":24,"column":56},"end":{"line":33,"column":5}}]},"4":{"type":"branch","line":26,"loc":{"start":{"line":26,"column":8},"end":{"line":27,"column":54}},"locations":[{"start":{"line":26,"column":8},"end":{"line":27,"column":54}}]},"5":{"type":"branch","line":28,"loc":{"start":{"line":28,"column":8},"end":{"line":29,"column":53}},"locations":[{"start":{"line":28,"column":8},"end":{"line":29,"column":53}}]},"6":{"type":"branch","line":30,"loc":{"start":{"line":30,"column":8},"end":{"line":31,"column":22}},"locations":[{"start":{"line":30,"column":8},"end":{"line":31,"column":22}}]},"7":{"type":"branch","line":38,"loc":{"start":{"line":38,"column":2},"end":{"line":42,"column":3}},"locations":[{"start":{"line":38,"column":2},"end":{"line":42,"column":3}}]},"8":{"type":"branch","line":39,"loc":{"start":{"line":39,"column":39},"end":{"line":41,"column":5}},"locations":[{"start":{"line":39,"column":39},"end":{"line":41,"column":5}}]}},"b":{"0":[15],"1":[15],"2":[9],"3":[27],"4":[9],"5":[9],"6":[9],"7":[4],"8":[3]},"fnMap":{"0":{"name":"<instance_members_initializer>","decl":{"start":{"line":9,"column":7},"end":{"line":43,"column":1}},"loc":{"start":{"line":9,"column":7},"end":{"line":43,"column":1}},"line":9},"1":{"name":"PaymentService","decl":{"start":{"line":19,"column":2},"end":{"line":21,"column":6}},"loc":{"start":{"line":19,"column":2},"end":{"line":21,"column":6}},"line":19},"2":{"name":"buildPaymentMethod","decl":{"start":{"line":23,"column":2},"end":{"line":36,"column":3}},"loc":{"start":{"line":23,"column":2},"end":{"line":36,"column":3}},"line":23},"3":{"name":"payViaLink","decl":{"start":{"line":38,"column":2},"end":{"line":42,"column":3}},"loc":{"start":{"line":38,"column":2},"end":{"line":42,"column":3}},"line":38}},"f":{"0":15,"1":15,"2":9,"3":4}}
}
